Apache Ant version 1.6.0 compiled on December 18 2003
Buildfile: Fractal.xml
Detected Java version: 1.4 in: /network-raid/opt/jdk1.6.0_02/jre
Detected OS: Linux
parsing buildfile /home/imilankovic/Fractal_1_7/project/RunRules/Coria/Fractal.xml with URI = file:///home/imilankovic/Fractal_1_7/project/RunRules/Coria/Fractal.xml
Project base dir set to: /home/imilankovic/Fractal_1_7/project/EngineCode
 [property] Loading Environment env.
Property ${-*-command-variables-*-} has not been set
Property ${env.MAXCOMPILERJCP} has not been set
Build sequence for target `run' is [build, run]
Complete build sequence is [build, run, help, runresult, clean, all, jar, ]

build:
      [ant] calling target [default] in build file /home/imilankovic/Fractal_1_7/project/RunRules/Coria/Fractal_Build.xml
parsing buildfile /home/imilankovic/Fractal_1_7/project/RunRules/Coria/Fractal_Build.xml with URI = file:///home/imilankovic/Fractal_1_7/project/RunRules/Coria/Fractal_Build.xml
Project base dir set to: /home/imilankovic/Fractal_1_7/project/EngineCode
 [property] Loading Environment env.
Property ${-*-command-variables-*-} has not been set
Property ${env.MAXCOMPILERJCP} has not been set
      [ant] Entering /home/imilankovic/Fractal_1_7/project/RunRules/Coria/Fractal_Build.xml...
Build sequence for target `all' is [clean, build, all]
Complete build sequence is [clean, build, all, ]

clean:

build:
    [mkdir] Created dir: /home/imilankovic/Fractal_1_7/project/RunRules/Coria/dist
    [mkdir] Created dir: /home/imilankovic/Fractal_1_7/project/RunRules/Coria/dist/bin


[maxjcompiler] Compiling to folder /home/imilankovic/Fractal_1_7/project/RunRules/Coria/dist/bin

[maxjcompiler] Compiling files and folders:
[maxjcompiler] /home/imilankovic/Fractal_1_7/project/EngineCode/src

[maxjcompiler] Compiler options:
[maxjcompiler] -noExit
[maxjcompiler] -classpath
[maxjcompiler] /network-raid/opt/maxcompiler-2015.1-post-ikon-merge/lib/MaxCompiler.jar:/network-raid/opt/maxq/maxq-ctl.jar:/network-raid/opt/maxq2/maxq2-latest/maxq2.jar:/network-raid/opt/antlr-3.3/antlr-3.3-complete.jar
[maxjcompiler] -d
[maxjcompiler] /home/imilankovic/Fractal_1_7/project/RunRules/Coria/dist/bin

all:
      [ant] Exiting /home/imilankovic/Fractal_1_7/project/RunRules/Coria/Fractal_Build.xml.

run:
     [java] Executing '/network-raid/opt/jdk1.6.0_02/jre/bin/java' with arguments:
     [java] '-Xmx2048m'
     [java] '-classpath'
     [java] '/network-raid/opt/maxq/maxq-ctl.jar:/home/imilankovic/Fractal_1_7/project/RunRules/Coria/dist/bin:/network-raid/opt/maxcompiler-2015.1-post-ikon-merge/lib/MaxCompiler.jar:/network-raid/opt/maxq2/maxq2-latest/maxq2.jar:/network-raid/opt/antlr-3.3/antlr-3.3-complete.jar'
     [java] 'com.maxeler.publicdemos.fractal.FractalManager'
     [java] 
     [java] The ' characters around the executable and arguments are
     [java] not part of the command.
     [java] Setting environment variable: MAXSOURCEDIRS=src
     [java] Thu 12:55: MaxCompiler version: 2014.2a
     [java] Thu 12:55: Build "Fractal" start time: Thu May 07 12:55:40 BST 2015
     [java] Thu 12:55: Main build process running as user imilankovic on host altocumulus02.cluster.maxeler.com
     [java] Thu 12:55: Build location: /home/imilankovic/builds/07-05-15/Fractal_CORIA_DFE_96U_300MHz
     [java] Thu 12:55: Detailed build log available in "_build.log"
     [java] Thu 12:55: 
     [java] Thu 12:55: ENGINE BUILD PARAMETERS
     [java] Thu 12:55: 	        Build name: Fractal_CORIA_DFE_96U_300MHz  
     [java] Thu 12:55: 	          DFEModel: CORIA                         
     [java] Thu 12:55: 	       maxFileName: Fractal                       
     [java] Thu 12:55: 	            target: DFE                           
     [java] Thu 12:55: 	        enableMPCX: false                         
     [java] Thu 12:55: 	       MPPRStartCT: 1                             
     [java] Thu 12:55: 	         MPPREndCT: 1                             
     [java] Thu 12:55: 	       MPPRThreads: 1                             
     [java] Thu 12:55: 	MPPRRetryThreshold: 500                           
     [java] Thu 12:55: 	               tag:                               
     [java] Thu 12:55: 	   streamFrequency: 300                           
     [java] Thu 12:55: 	      unrollFactor: 96                            
     [java] Thu 12:55: 	       computeType: dfeFix(11, 24, TWOSCOMPLEMENT)
     [java] Thu 12:55: Instantiating kernel "FractalKernel"
     [java] Thu 12:55: WARNING: Floating-point casts ignore set rounding mode and use TONEAREVEN rounding only.
     [java] Thu 12:55: 
     [java] Thu 12:55: Compiling kernel "FractalKernel"
     [java] Thu 12:56: Generating input files (VHDL, netlists, MegaWizard/CoreGen)
     [java] Thu 12:56: Running back-end  build (16 phases)
     [java] Thu 12:56: (1/16) - Prepare MaxFile Data (GenerateMaxFileDataFile)
     [java] Thu 12:56: (2/16) - Prepare for Placement (QuartusMap)
     [java] Thu 13:07: (3/16) - Generate Incremental Netlist (QuartusCdb)
     [java] Thu 13:08: (4/16) - Generate Resource Report (AlteraResourceUsageBuildPass)
     [java] Thu 13:08: (5/16) - Generate Annotated Source Code (AlteraResourceAnnotationBuildPass)
     [java] Thu 13:08: (6/16) - Analyse Resource Usage (AlteraResourceCounterPass)
     [java] Thu 13:08: 
     [java] Thu 13:08: About to start chip vendor Map/Place/Route toolflow. This will take some time.
     [java] Thu 13:08: For this compile, we estimate this process may take up to 1 hour.
     [java] Thu 13:08: We recommend running in simulation to verify correctness before building hardware.
     [java] Thu 13:08: 
     [java] Thu 13:08: PRELIMINARY RESOURCE USAGE
     [java] Thu 13:08: Logic utilization:      58364 / 172600   (33.81%)
     [java] Thu 13:08: Multipliers (18x18):     1160 / 3180     (36.48%)
     [java] Thu 13:08: Block memory (bits):  1258149 / 41246720 (3.05%)
     [java] Thu 13:08: 
     [java] Thu 13:08: (7/16) - Place and Route DFE (AlteraMPPR)
     [java] Thu 13:08: Executing MPPR with 1 cost table and 1 thread.
     [java] Thu 13:08: MPPR: Starting 1 cost table
     [java] Thu 13:54: MPPR: Cost table 1 met timing with score 0 (best score 0)
     [java] Thu 13:54: (8/16) - Generate Configuration (QuartusAsm)
     [java] Thu 13:56: (9/16) - Convert Programming File (QuartusCpf)
     [java] Thu 13:57: (10/16) - Update Checksum (UpdateChecksumBuildPass)
     [java] Thu 13:57: (11/16) - Generate Incremental Netlist (QuartusCdb)
     [java] Thu 13:57: (12/16) - Generate Configuration (QuartusAsm)
     [java] Thu 13:59: (13/16) - Convert Programming File (QuartusCpf)
     [java] Thu 14:00: (14/16) - Generate Resource Report (AlteraResourceUsageBuildPass)
     [java] Thu 14:00: (15/16) - Generate Annotated Source Code (AlteraResourceAnnotationBuildPass)
     [java] Thu 14:00: (16/16) - Generate MaxFile (GenerateMaxFileAltera)
     [java] Thu 14:00: 
     [java] Thu 14:00: FINAL RESOURCE USAGE
     [java] Thu 14:00: Logic utilization:    34998 / 172600 (20.28%)
     [java] Thu 14:00:   Primary FFs:        80266 / 345200 (23.25%)
     [java] Thu 14:00:   Secondary FFs:       8574 / 345200 (2.48%)
     [java] Thu 14:00: Multipliers (18x18):   1160 / 3180   (36.48%)
     [java] Thu 14:00:   DSP blocks:           580 / 1590   (36.48%)
     [java] Thu 14:00: Block memory (M20K):     96 / 2014   (4.77%)
     [java] Thu 14:00: 
     [java] Thu 14:00: MaxFile: /home/imilankovic/builds/07-05-15/Fractal_CORIA_DFE_96U_300MHz/results/Fractal.max (MD5Sum: 1e08924300397778887b11866b8e1de5)
     [java] Thu 14:00: Build completed: Thu May 07 14:00:47 BST 2015 (took 1 hour, 5 mins, 6 secs)


     [exec] Current OS is Linux
     [exec] Executing '/network-raid/opt/maxcompiler-2015.1-post-ikon-merge/lib/MaxIDE/copyBuildResults.sh' with arguments:
     [exec] '-p'
     [exec] 'Coria'
     [exec] 
     [exec] The ' characters around the executable and arguments are
     [exec] not part of the command.



BUILD SUCCESSFUL
Total time: 65 minutes 13 seconds
