Apache Ant version 1.6.0 compiled on December 18 2003
Buildfile: Fractal.xml
Detected Java version: 1.4 in: /network-raid/opt/jdk1.6.0_02/jre
Detected OS: Linux
parsing buildfile /home/imilankovic/Fractal_1_7/project/RunRules/Maia/Fractal.xml with URI = file:///home/imilankovic/Fractal_1_7/project/RunRules/Maia/Fractal.xml
Project base dir set to: /home/imilankovic/Fractal_1_7/project/EngineCode
 [property] Loading Environment env.
Property ${-*-command-variables-*-} has not been set
Property ${env.MAXCOMPILERJCP} has not been set
Build sequence for target `run' is [build, run]
Complete build sequence is [build, run, help, runresult, clean, all, jar, ]

build:
      [ant] calling target [default] in build file /home/imilankovic/Fractal_1_7/project/RunRules/Maia/Fractal_Build.xml
parsing buildfile /home/imilankovic/Fractal_1_7/project/RunRules/Maia/Fractal_Build.xml with URI = file:///home/imilankovic/Fractal_1_7/project/RunRules/Maia/Fractal_Build.xml
Project base dir set to: /home/imilankovic/Fractal_1_7/project/EngineCode
 [property] Loading Environment env.
Property ${-*-command-variables-*-} has not been set
Property ${env.MAXCOMPILERJCP} has not been set
      [ant] Entering /home/imilankovic/Fractal_1_7/project/RunRules/Maia/Fractal_Build.xml...
Build sequence for target `all' is [clean, build, all]
Complete build sequence is [clean, build, all, ]

clean:

build:
    [mkdir] Created dir: /home/imilankovic/Fractal_1_7/project/RunRules/Maia/dist
    [mkdir] Created dir: /home/imilankovic/Fractal_1_7/project/RunRules/Maia/dist/bin


[maxjcompiler] Compiling to folder /home/imilankovic/Fractal_1_7/project/RunRules/Maia/dist/bin

[maxjcompiler] Compiling files and folders:
[maxjcompiler] /home/imilankovic/Fractal_1_7/project/EngineCode/src

[maxjcompiler] Compiler options:
[maxjcompiler] -noExit
[maxjcompiler] -classpath
[maxjcompiler] /network-raid/opt/maxcompiler-2015.1-post-ikon-merge/lib/MaxCompiler.jar:/network-raid/opt/maxq/maxq-ctl.jar:/network-raid/opt/maxq2/maxq2-latest/maxq2.jar:/network-raid/opt/antlr-3.3/antlr-3.3-complete.jar
[maxjcompiler] -d
[maxjcompiler] /home/imilankovic/Fractal_1_7/project/RunRules/Maia/dist/bin

all:
      [ant] Exiting /home/imilankovic/Fractal_1_7/project/RunRules/Maia/Fractal_Build.xml.

run:
     [java] Executing '/network-raid/opt/jdk1.6.0_02/jre/bin/java' with arguments:
     [java] '-Xmx2048m'
     [java] '-classpath'
     [java] '/network-raid/opt/maxq/maxq-ctl.jar:/home/imilankovic/Fractal_1_7/project/RunRules/Maia/dist/bin:/network-raid/opt/maxcompiler-2015.1-post-ikon-merge/lib/MaxCompiler.jar:/network-raid/opt/maxq2/maxq2-latest/maxq2.jar:/network-raid/opt/antlr-3.3/antlr-3.3-complete.jar'
     [java] 'com.maxeler.publicdemos.fractal.FractalManager'
     [java] 
     [java] The ' characters around the executable and arguments are
     [java] not part of the command.
     [java] Setting environment variable: MAXSOURCEDIRS=src
     [java] Thu 12:53: MaxCompiler version: 2014.2a
     [java] Thu 12:53: Build "Fractal" start time: Thu May 07 12:53:52 BST 2015
     [java] Thu 12:53: Main build process running as user imilankovic on host altocumulus02.cluster.maxeler.com
     [java] Thu 12:53: Build location: /home/imilankovic/builds/07-05-15/Fractal_MAIA_DFE_96U_300MHz
     [java] Thu 12:53: Detailed build log available in "_build.log"
     [java] Thu 12:53: 
     [java] Thu 12:53: ENGINE BUILD PARAMETERS
     [java] Thu 12:53: 	        Build name: Fractal_MAIA_DFE_96U_300MHz   
     [java] Thu 12:53: 	          DFEModel: MAIA                          
     [java] Thu 12:53: 	       maxFileName: Fractal                       
     [java] Thu 12:53: 	            target: DFE                           
     [java] Thu 12:53: 	        enableMPCX: false                         
     [java] Thu 12:53: 	       MPPRStartCT: 1                             
     [java] Thu 12:53: 	         MPPREndCT: 1                             
     [java] Thu 12:53: 	       MPPRThreads: 1                             
     [java] Thu 12:53: 	MPPRRetryThreshold: 500                           
     [java] Thu 12:53: 	               tag:                               
     [java] Thu 12:53: 	   streamFrequency: 300                           
     [java] Thu 12:53: 	      unrollFactor: 96                            
     [java] Thu 12:53: 	       computeType: dfeFix(11, 24, TWOSCOMPLEMENT)
     [java] Thu 12:53: Instantiating kernel "FractalKernel"
     [java] Thu 12:53: WARNING: Floating-point casts ignore set rounding mode and use TONEAREVEN rounding only.
     [java] Thu 12:53: 
     [java] Thu 12:53: Compiling kernel "FractalKernel"
     [java] Thu 12:54: Generating input files (VHDL, netlists, MegaWizard/CoreGen)
     [java] Thu 12:54: Running back-end  build (16 phases)
     [java] Thu 12:54: (1/16) - Prepare MaxFile Data (GenerateMaxFileDataFile)
     [java] Thu 12:54: (2/16) - Prepare for Placement (QuartusMap)
     [java] Thu 13:05: (3/16) - Generate Incremental Netlist (QuartusCdb)
     [java] Thu 13:06: (4/16) - Generate Resource Report (AlteraResourceUsageBuildPass)
     [java] Thu 13:06: (5/16) - Generate Annotated Source Code (AlteraResourceAnnotationBuildPass)
     [java] Thu 13:06: (6/16) - Analyse Resource Usage (AlteraResourceCounterPass)
     [java] Thu 13:06: 
     [java] Thu 13:06: About to start chip vendor Map/Place/Route toolflow. This will take some time.
     [java] Thu 13:06: For this compile, we estimate this process may take up to 1 hour.
     [java] Thu 13:06: We recommend running in simulation to verify correctness before building hardware.
     [java] Thu 13:06: 
     [java] Thu 13:06: PRELIMINARY RESOURCE USAGE
     [java] Thu 13:06: Logic utilization:      58364 / 262400   (22.24%)
     [java] Thu 13:06: Multipliers (18x18):     1160 / 3926     (29.55%)
     [java] Thu 13:06: Block memory (bits):  1258149 / 52572160 (2.39%)
     [java] Thu 13:06: 
     [java] Thu 13:06: (7/16) - Place and Route DFE (AlteraMPPR)
     [java] Thu 13:06: Executing MPPR with 1 cost table and 1 thread.
     [java] Thu 13:06: MPPR: Starting 1 cost table
     [java] Thu 13:54: MPPR: Cost table 1 met timing with score 0 (best score 0)
     [java] Thu 13:54: (8/16) - Generate Configuration (QuartusAsm)
     [java] Thu 13:57: (9/16) - Convert Programming File (QuartusCpf)
     [java] Thu 13:58: (10/16) - Update Checksum (UpdateChecksumBuildPass)
     [java] Thu 13:58: (11/16) - Generate Incremental Netlist (QuartusCdb)
     [java] Thu 13:58: (12/16) - Generate Configuration (QuartusAsm)
     [java] Thu 14:00: (13/16) - Convert Programming File (QuartusCpf)
     [java] Thu 14:01: (14/16) - Generate Resource Report (AlteraResourceUsageBuildPass)
     [java] Thu 14:01: (15/16) - Generate Annotated Source Code (AlteraResourceAnnotationBuildPass)
     [java] Thu 14:01: (16/16) - Generate MaxFile (GenerateMaxFileAltera)
     [java] Thu 14:01: 
     [java] Thu 14:01: FINAL RESOURCE USAGE
     [java] Thu 14:01: Logic utilization:    35017 / 262400 (13.34%)
     [java] Thu 14:01:   Primary FFs:        79450 / 524800 (15.14%)
     [java] Thu 14:01:   Secondary FFs:       9510 / 524800 (1.81%)
     [java] Thu 14:01: Multipliers (18x18):   1160 / 3926   (29.55%)
     [java] Thu 14:01:   DSP blocks:           580 / 1963   (29.55%)
     [java] Thu 14:01: Block memory (M20K):     96 / 2567   (3.74%)
     [java] Thu 14:01: 
     [java] Thu 14:01: MaxFile: /home/imilankovic/builds/07-05-15/Fractal_MAIA_DFE_96U_300MHz/results/Fractal.max (MD5Sum: c2fb82920b401d8be511ca0e6e224ad9)
     [java] Thu 14:01: Build completed: Thu May 07 14:01:57 BST 2015 (took 1 hour, 8 mins, 4 secs)


     [exec] Current OS is Linux
     [exec] Executing '/network-raid/opt/maxcompiler-2015.1-post-ikon-merge/lib/MaxIDE/copyBuildResults.sh' with arguments:
     [exec] '-p'
     [exec] 'Maia'
     [exec] 
     [exec] The ' characters around the executable and arguments are
     [exec] not part of the command.



BUILD SUCCESSFUL
Total time: 68 minutes 12 seconds
