Thu 15:21: ########################################## 
Thu 15:21: Compiling.
Thu 15:21: ########################################## 

Thu 15:21: MaxCompiler version: 2014.2.
Thu 15:21: Build Simulation run rule for Fractal start time: Thu May 14 15:21:53 BST 2015.
Thu 15:21: Project location: /home/imilankovic/workspace/GIT/Fractal.
Thu 15:21: Detailed build log: /home/imilankovic/workspace/GIT/Fractal/RunRules/Simulation/build.log.

Thu 15:21: Compiling Engine Code.
Thu 15:21: Engine building skipped (no changes on .max files).
Thu 15:21: Compiling CPU Code.
Thu 15:21: Run CPU project make files updating
Thu 15:21: Executing command:
Thu 15:21: java -jar /network-raid/opt/maxcompiler-2014.2/lib/MaxIDE/projectAdmin.jar -u /home/imilankovic/workspace/GIT/Fractal Simulation 
Thu 15:21: Command output:

Thu 15:21: MaxCompiler Project Admin Tool Version 2014.2
Thu 15:21:  Copyright Maxeler Technologies 2010 - 2014. All rights reserved.
Thu 15:21: Handler version 2
Thu 15:21: Updating RunRule dependent Makefiles for RunRule 'Simulation'
Thu 15:21: 	Updating: Simulation
Thu 15:21: Found makefiles: 1
Thu 15:21: 	Updated: Simulation
Thu 15:21: Run CPU make.
Thu 15:21: make RUNRULE=Simulation 
Thu 15:21: Command output:
Thu 15:21: make -f Makefile.rules build
Thu 15:21: make[1]: Entering directory `/home/imilankovic/workspace/GIT/Fractal/CPUCode'
Thu 15:21: set -e; rm -f ../RunRules/Simulation/objects/cpp/gui.d ;                                                               \
Thu 15:21: 	  g++ -M -Wall -Wextra -g -O3 -I../RunRules/Simulation/include  -I '/network-raid/opt/maxcompiler-2014.2/include/slic'  -Wno-error gui.cpp > ../RunRules/Simulation/objects/cpp/gui.d.$$ ;                                \
Thu 15:21:       sed 's,\(gui\)\.o[ :]*,../RunRules/Simulation/objects/cpp/\1.o ../RunRules/Simulation/objects/cpp/gui.d : ,g' < ../RunRules/Simulation/objects/cpp/gui.d.$$ > ../RunRules/Simulation/objects/cpp/gui.d; \
Thu 15:21:       rm -f ../RunRules/Simulation/objects/cpp/gui.d.$$
Thu 15:21: gui.cpp:1:19: error: wx/wx.h: No such file or directory
Thu 15:21: gui.cpp:2:25: error: wx/glcanvas.h: No such file or directory
Thu 15:21: gui.cpp:3:24: error: wx/cmdline.h: No such file or directory
Thu 15:21: gui.cpp:6:27: error: MaxelerIcon.xpm: No such file or directory
Thu 15:21: g++ -Wall -Wextra -g -O3 -I../RunRules/Simulation/include  -I '/network-raid/opt/maxcompiler-2014.2/include/slic'  -c gui.cpp -o ../RunRules/Simulation/objects/cpp/gui.o
Thu 15:21: gui.cpp:1:19: error: wx/wx.h: No such file or directory
Thu 15:21: gui.cpp:2:25: error: wx/glcanvas.h: No such file or directory
Thu 15:21: gui.cpp:3:24: error: wx/cmdline.h: No such file or directory
Thu 15:21: gui.cpp:6:27: error: MaxelerIcon.xpm: No such file or directory
Thu 15:21: gui.cpp:40: error: expected class-name before '{' token
Thu 15:21: gui.cpp:43: error: 'wxCmdLineParser' has not been declared
Thu 15:21: gui.cpp:44: error: 'wxCmdLineParser' has not been declared
Thu 15:21: gui.cpp:50: error: expected class-name before '{' token
Thu 15:21: gui.cpp:85: error: 'GLfloat' does not name a type
Thu 15:21: gui.cpp:87: error: expected ')' before '*' token
Thu 15:21: gui.cpp:887: error: expected '}' at end of input
Thu 15:21: gui.cpp:887: error: expected unqualified-id at end of input
Thu 15:21: make[1]: *** [../RunRules/Simulation/objects/cpp/gui.o] Error 1
Thu 15:21: make: *** [build] Error 2
Thu 15:21: make[1]: Leaving directory `/home/imilankovic/workspace/GIT/Fractal/CPUCode'
Thu 15:21: Make command failed with status = 2
Thu 15:21: Build failed: Thu May 14 15:21:54 BST 2015


